# JRE version: Java(TM) SE Runtime Environment (8.0_66-b18) (build 1.8.0_66-b18)
# Java VM: Java HotSpot(TM) 64-Bit Server VM (25.66-b18 mixed mode windows-amd64 compressed oops)
Heap:
 PSYoungGen      total 273920K, used 117590K [0x00000000eab00000, 0x00000000fd380000, 0x0000000100000000)
  eden space 248320K, 47% used [0x00000000eab00000,0x00000000f1dd5840,0x00000000f9d80000)
  from space 25600K, 0% used [0x00000000f9d80000,0x00000000f9d80000,0x00000000fb680000)
  to   space 24576K, 0% used [0x00000000fbb80000,0x00000000fbb80000,0x00000000fd380000)
 ParOldGen       total 68096K, used 68005K [0x00000000c0000000, 0x00000000c4280000, 0x00000000eab00000)
  object space 68096K, 99% used [0x00000000c0000000,0x00000000c4269588,0x00000000c4280000)
 Metaspace       used 70883K, capacity 73764K, committed 74112K, reserved 1114112K
  class space    used 9574K, capacity 10271K, committed 10368K, reserved 1048576K
GC Heap History (10 events):
Event: 33.395 GC heap before
{Heap before GC invocations=17 (full 2):
 PSYoungGen      total 265728K, used 89693K [0x00000000eab00000, 0x00000000fd580000, 0x0000000100000000)
  eden space 248320K, 29% used [0x00000000eab00000,0x00000000ef19de08,0x00000000f9d80000)
  from space 17408K, 99% used [0x00000000fb680000,0x00000000fc7798e0,0x00000000fc780000)
  to   space 25600K, 0% used [0x00000000f9d80000,0x00000000f9d80000,0x00000000fb680000)
 ParOldGen       total 68096K, used 48082K [0x00000000c0000000, 0x00000000c4280000, 0x00000000eab00000)
  object space 68096K, 70% used [0x00000000c0000000,0x00000000c2ef4bb8,0x00000000c4280000)
 Metaspace       used 52711K, capacity 54948K, committed 55040K, reserved 1095680K
  class space    used 7329K, capacity 7880K, committed 7936K, reserved 1048576K
Event: 33.466 GC heap after
Heap after GC invocations=17 (full 2):
 PSYoungGen      total 273920K, used 5985K [0x00000000eab00000, 0x00000000fd380000, 0x0000000100000000)
  eden space 248320K, 0% used [0x00000000eab00000,0x00000000eab00000,0x00000000f9d80000)
  from space 25600K, 23% used [0x00000000f9d80000,0x00000000fa358438,0x00000000fb680000)
  to   space 24576K, 0% used [0x00000000fbb80000,0x00000000fbb80000,0x00000000fd380000)
 ParOldGen       total 68096K, used 63531K [0x00000000c0000000, 0x00000000c4280000, 0x00000000eab00000)
  object space 68096K, 93% used [0x00000000c0000000,0x00000000c3e0aee0,0x00000000c4280000)
 Metaspace       used 52711K, capacity 54948K, committed 55040K, reserved 1095680K
  class space    used 7329K, capacity 7880K, committed 7936K, reserved 1048576K
}
Event: 33.466 GC heap before
{Heap before GC invocations=18 (full 3):
 PSYoungGen      total 273920K, used 5985K [0x00000000eab00000, 0x00000000fd380000, 0x0000000100000000)
  eden space 248320K, 0% used [0x00000000eab00000,0x00000000eab00000,0x00000000f9d80000)
  from space 25600K, 23% used [0x00000000f9d80000,0x00000000fa358438,0x00000000fb680000)
  to   space 24576K, 0% used [0x00000000fbb80000,0x00000000fbb80000,0x00000000fd380000)
 ParOldGen       total 68096K, used 63531K [0x00000000c0000000, 0x00000000c4280000, 0x00000000eab00000)
  object space 68096K, 93% used [0x00000000c0000000,0x00000000c3e0aee0,0x00000000c4280000)
 Metaspace       used 52711K, capacity 54948K, committed 55040K, reserved 1095680K
  class space    used 7329K, capacity 7880K, committed 7936K, reserved 1048576K
Event: 34.268 GC heap after
Heap after GC invocations=18 (full 3):
 PSYoungGen      total 273920K, used 0K [0x00000000eab00000, 0x00000000fd380000, 0x0000000100000000)
  eden space 248320K, 0% used [0x00000000eab00000,0x00000000eab00000,0x00000000f9d80000)
  from space 25600K, 0% used [0x00000000f9d80000,0x00000000f9d80000,0x00000000fb680000)
  to   space 24576K, 0% used [0x00000000fbb80000,0x00000000fbb80000,0x00000000fd380000)
 ParOldGen       total 68096K, used 62713K [0x00000000c0000000, 0x00000000c4280000, 0x00000000eab00000)
  object space 68096K, 92% used [0x00000000c0000000,0x00000000c3d3e7d8,0x00000000c4280000)
 Metaspace       used 52677K, capacity 54828K, committed 55040K, reserved 1095680K
  class space    used 7319K, capacity 7840K, committed 7936K, reserved 1048576K
}
Event: 43.022 GC heap before
{Heap before GC invocations=19 (full 4):
 PSYoungGen      total 273920K, used 248320K [0x00000000eab00000, 0x00000000fd380000, 0x0000000100000000)
  eden space 248320K, 100% used [0x00000000eab00000,0x00000000f9d80000,0x00000000f9d80000)
  from space 25600K, 0% used [0x00000000f9d80000,0x00000000f9d80000,0x00000000fb680000)
  to   space 24576K, 0% used [0x00000000fbb80000,0x00000000fbb80000,0x00000000fd380000)
 ParOldGen       total 68096K, used 62713K [0x00000000c0000000, 0x00000000c4280000, 0x00000000eab00000)
  object space 68096K, 92% used [0x00000000c0000000,0x00000000c3d3e7d8,0x00000000c4280000)
 Metaspace       used 63049K, capacity 65538K, committed 65664K, reserved 1105920K
  class space    used 8695K, capacity 9275K, committed 9344K, reserved 1048576K
Event: 43.751 GC heap after
Heap after GC invocations=19 (full 4):
 PSYoungGen      total 273920K, used 15080K [0x00000000eab00000, 0x00000000fd380000, 0x0000000100000000)
  eden space 248320K, 6% used [0x00000000eab00000,0x00000000eb9ba140,0x00000000f9d80000)
  from space 25600K, 0% used [0x00000000f9d80000,0x00000000f9d80000,0x00000000fb680000)
  to   space 24576K, 0% used [0x00000000fbb80000,0x00000000fbb80000,0x00000000fd380000)
 ParOldGen       total 68096K, used 67888K [0x00000000c0000000, 0x00000000c4280000, 0x00000000eab00000)
  object space 68096K, 99% used [0x00000000c0000000,0x00000000c424c2a8,0x00000000c4280000)
 Metaspace       used 62822K, capacity 65280K, committed 65664K, reserved 1105920K
  class space    used 8650K, capacity 9229K, committed 9344K, reserved 1048576K
}
Event: 172.501 GC heap before
{Heap before GC invocations=20 (full 5):
 PSYoungGen      total 273920K, used 248320K [0x00000000eab00000, 0x00000000fd380000, 0x0000000100000000)
  eden space 248320K, 100% used [0x00000000eab00000,0x00000000f9d80000,0x00000000f9d80000)
  from space 25600K, 0% used [0x00000000f9d80000,0x00000000f9d80000,0x00000000fb680000)
  to   space 24576K, 0% used [0x00000000fbb80000,0x00000000fbb80000,0x00000000fd380000)
 ParOldGen       total 68096K, used 67888K [0x00000000c0000000, 0x00000000c4280000, 0x00000000eab00000)
  object space 68096K, 99% used [0x00000000c0000000,0x00000000c424c2a8,0x00000000c4280000)
 Metaspace       used 69206K, capacity 72068K, committed 72320K, reserved 1112064K
  class space    used 9410K, capacity 10081K, committed 10112K, reserved 1048576K
Event: 173.797 GC heap after
Heap after GC invocations=20 (full 5):
 PSYoungGen      total 273920K, used 16145K [0x00000000eab00000, 0x00000000fd380000, 0x0000000100000000)
  eden space 248320K, 6% used [0x00000000eab00000,0x00000000ebac45d8,0x00000000f9d80000)
  from space 25600K, 0% used [0x00000000f9d80000,0x00000000f9d80000,0x00000000fb680000)
  to   space 24576K, 0% used [0x00000000fbb80000,0x00000000fbb80000,0x00000000fd380000)
 ParOldGen       total 68096K, used 67645K [0x00000000c0000000, 0x00000000c4280000, 0x00000000eab00000)
  object space 68096K, 99% used [0x00000000c0000000,0x00000000c420f5b0,0x00000000c4280000)
 Metaspace       used 69155K, capacity 71958K, committed 72320K, reserved 1112064K
  class space    used 9397K, capacity 10067K, committed 10112K, reserved 1048576K
}
Event: 181.852 GC heap before
{Heap before GC invocations=21 (full 6):
 PSYoungGen      total 273920K, used 248320K [0x00000000eab00000, 0x00000000fd380000, 0x0000000100000000)
  eden space 248320K, 100% used [0x00000000eab00000,0x00000000f9d80000,0x00000000f9d80000)
  from space 25600K, 0% used [0x00000000f9d80000,0x00000000f9d80000,0x00000000fb680000)
  to   space 24576K, 0% used [0x00000000fbb80000,0x00000000fbb80000,0x00000000fd380000)
 ParOldGen       total 68096K, used 67645K [0x00000000c0000000, 0x00000000c4280000, 0x00000000eab00000)
  object space 68096K, 99% used [0x00000000c0000000,0x00000000c420f5b0,0x00000000c4280000)
 Metaspace       used 70450K, capacity 73348K, committed 73600K, reserved 1112064K
  class space    used 9539K, capacity 10239K, committed 10368K, reserved 1048576K
Event: 182.899 GC heap after
Heap after GC invocations=21 (full 6):
 PSYoungGen      total 273920K, used 29051K [0x00000000eab00000, 0x00000000fd380000, 0x0000000100000000)
  eden space 248320K, 11% used [0x00000000eab00000,0x00000000ec75ee68,0x00000000f9d80000)
  from space 25600K, 0% used [0x00000000f9d80000,0x00000000f9d80000,0x00000000fb680000)
  to   space 24576K, 0% used [0x00000000fbb80000,0x00000000fbb80000,0x00000000fd380000)
 ParOldGen       total 68096K, used 68005K [0x00000000c0000000, 0x00000000c4280000, 0x00000000eab00000)
  object space 68096K, 99% used [0x00000000c0000000,0x00000000c4269588,0x00000000c4280000)
 Metaspace       used 70450K, capacity 73348K, committed 73600K, reserved 1112064K
  class space    used 9539K, capacity 10239K, committed 10368K, reserved 1048576K
}

